GET /api/todos 200 - - 6.299 ms Mon, 07 Nov 2022 06:36:49 GMT
GET /api/todos/1 404 - - 2.149 ms Mon, 07 Nov 2022 06:37:25 GMT
GET /api/todos/todo?id=1 404 - - 1.078 ms Mon, 07 Nov 2022 06:38:43 GMT
PUT /api/todos/todo/1 404 - - 0.415 ms Mon, 07 Nov 2022 06:39:48 GMT
GET /api/todos/todo/1 404 - - 0.359 ms Mon, 07 Nov 2022 06:39:56 GMT
GET /api/todos 200 - - 0.650 ms Mon, 07 Nov 2022 06:40:03 GMT
PUT /api/todos/todo/1 404 - - 0.718 ms Mon, 07 Nov 2022 06:40:36 GMT
GET /api/todos/todo/1 404 - - 7.034 ms Mon, 07 Nov 2022 06:47:36 GMT
GET /api/todos/todo/1 404 - - 1.993 ms Mon, 07 Nov 2022 06:48:21 GMT
PUT /api/todos/todo?id=1 404 - - 0.678 ms Mon, 07 Nov 2022 06:48:35 GMT
PUT /api/todos/todo 404 - - 0.285 ms Mon, 07 Nov 2022 06:48:45 GMT
POST /api/todos/todo 200 - - 2.851 ms Mon, 07 Nov 2022 06:48:54 GMT
POST /api/todos/login 404 - - 2.234 ms Mon, 07 Nov 2022 07:38:18 GMT
POST /api/auth/login 500 - - 3.859 ms Mon, 07 Nov 2022 07:39:26 GMT
POST /api/auth/login 500 - - 5.594 ms Mon, 07 Nov 2022 07:42:43 GMT
POST /api/auth/login 500 - - 6.591 ms Mon, 07 Nov 2022 07:51:21 GMT
GET / 404 - - 7.940 ms Tue, 08 Nov 2022 15:30:47 GMT
PUT / 404 - - 1.019 ms Tue, 08 Nov 2022 15:31:18 GMT
GET / 404 - - 0.714 ms Tue, 08 Nov 2022 15:31:29 GMT
GET /api/todos 200 - - 9.940 ms Tue, 08 Nov 2022 15:31:43 GMT
GET / 404 - - 9.666 ms Wed, 09 Nov 2022 05:05:04 GMT
GET /api/v1/ 200 - - 6.491 ms Wed, 09 Nov 2022 05:05:34 GMT
GET /api/v1/ 500 - - 3.664 ms Wed, 09 Nov 2022 05:11:01 GMT
GET /api/v1/ 500 - - 3.006 ms Wed, 09 Nov 2022 05:15:18 GMT
GET /api/v1/ 200 - - 12.319 ms Wed, 09 Nov 2022 05:15:58 GMT
GET /api/v1/ 200 - - 12.586 ms Wed, 09 Nov 2022 05:19:44 GMT
POST /api/v1 404 - - 5.673 ms Wed, 09 Nov 2022 05:23:32 GMT
GET /api/v1 200 - - 0.763 ms Wed, 09 Nov 2022 05:23:57 GMT
GET /api/v1?Host=http://localhost:4200/&X-Origin=http://jquery.com 200 - - 1.168 ms Wed, 09 Nov 2022 05:50:01 GMT
GET /api/v1?Host=http://localhost:4200/&X-Origin=http://jquery.com 200 - - 14.996 ms Wed, 09 Nov 2022 05:52:57 GMT
OPTIONS /api/v1?Host=http://localhost:4200/&X-Origin=http://jquery.com 204 - - 1.510 ms Wed, 09 Nov 2022 05:53:19 GMT
OPTIONS /api/v1?Host=http://localhost:4200/&X-Origin=http://jquery.com 204 - - 4.428 ms Wed, 09 Nov 2022 05:54:01 GMT
OPTIONS /api/v1?Host=http://localhost:4200/&X-Origin=http://jquery.com 204 - - 4.834 ms Wed, 09 Nov 2022 05:54:46 GMT
GET /api/v1?Host=http://localhost:4200/&X-Origin=http://jquery.com 200 - - 4.969 ms Wed, 09 Nov 2022 05:54:53 GMT
GET /api/v1?Host=http://localhost:3000/&X-Origin=http://jquery.com 200 - - 0.879 ms Wed, 09 Nov 2022 05:55:42 GMT
POST /api/v1?Host=http://localhost:3000/&X-Origin=http://jquery.com 404 - - 4.001 ms Wed, 09 Nov 2022 05:59:36 GMT
GET /api/v1?Host=http://localhost:3000/&X-Origin=http://jquery.com 200 - - 1.082 ms Wed, 09 Nov 2022 06:01:52 GMT
GET /api/v1?Host=http://localhost:3000/&X-Origin=http://jquery.com 200 - - 0.986 ms Wed, 09 Nov 2022 06:04:51 GMT
GET /api/v1?Host=http://localhost:3000/&X-Origin=http://jquery.com 200 - - 1.533 ms Wed, 09 Nov 2022 06:08:57 GMT
GET /api/v1?Host=http://localhost:3000/&X-Origin=http://jquery.com 200 - - 0.567 ms Wed, 09 Nov 2022 06:10:38 GMT
GET /api/v1?Host=http://localhost:3000/&X-Origin=http://jquery.com&Access-Control-Allow-Origin=http://localhost:3000/ 200 - - 1.256 ms Wed, 09 Nov 2022 06:11:21 GMT
GET /api/v1 200 - - 1.526 ms Wed, 09 Nov 2022 06:12:04 GMT
GET /api/v1 200 - - 8.914 ms Wed, 09 Nov 2022 06:12:38 GMT
GET /api/v1 200 - - 1.417 ms Wed, 09 Nov 2022 06:13:10 GMT
GET /api/v1 200 - - 1.166 ms Wed, 09 Nov 2022 06:26:56 GMT
GET /api/v1?Host=localhost:4000 200 - - 1.152 ms Wed, 09 Nov 2022 06:27:42 GMT
GET /api/v1 200 - - 6.418 ms Wed, 09 Nov 2022 06:53:50 GMT
POST /api/v1/todo 200 - - 9.105 ms Wed, 09 Nov 2022 18:35:49 GMT
GET /api/v1/todo/ 200 - - 1.532 ms Wed, 09 Nov 2022 18:36:04 GMT
POST /api/v1/todo/ 200 - - 0.646 ms Wed, 09 Nov 2022 18:36:13 GMT
POST /api/v1/todo/12 404 - - 3.150 ms Wed, 09 Nov 2022 18:36:50 GMT
POST /api/v1/todo 200 - - 0.648 ms Wed, 09 Nov 2022 18:38:08 GMT
POST /api/v1/todo 200 - - 10.706 ms Wed, 09 Nov 2022 18:38:23 GMT
POST /api/v1/todo 200 - - 9.713 ms Wed, 09 Nov 2022 18:38:48 GMT
GET /api/v1/todo 200 - - 1.283 ms Wed, 09 Nov 2022 18:38:52 GMT
GET /api/v1/todo/100 200 - - 1.020 ms Wed, 09 Nov 2022 18:39:04 GMT
GET /api/v1/todo/100 200 - - 4.864 ms Wed, 09 Nov 2022 18:39:32 GMT
PUT /api/v1/todo/100 200 - - 2.501 ms Wed, 09 Nov 2022 18:39:38 GMT
DELETE /api/v1/todo/100 200 - - 0.852 ms Wed, 09 Nov 2022 18:39:42 GMT
GET /api/v1/todo 200 - - 7.953 ms Wed, 09 Nov 2022 19:13:16 GMT
GET /api/v1/todo 200 - - 1.223 ms Wed, 09 Nov 2022 19:18:48 GMT
POST /api/v1/todo 200 - - 0.875 ms Wed, 09 Nov 2022 19:19:33 GMT
GET /api/v1/todo 200 - - 0.570 ms Wed, 09 Nov 2022 19:20:07 GMT
POST /api/v1/todo 200 - - 0.731 ms Wed, 09 Nov 2022 19:20:38 GMT
POST /api/v1/todo 200 - - 0.383 ms Wed, 09 Nov 2022 19:21:09 GMT
PUT /api/v1/todo/id 200 - - 1.230 ms Wed, 09 Nov 2022 19:21:49 GMT
GET /api/v1/todo/id 200 - - 0.833 ms Wed, 09 Nov 2022 19:23:18 GMT
DELETE /api/v1/todo/id 200 - - 0.697 ms Wed, 09 Nov 2022 19:24:00 GMT
PUT /api/v1/todo/100 200 - - 6.654 ms Thu, 10 Nov 2022 05:09:23 GMT
GET /api/v1/todo/i100 200 - - 2.169 ms Thu, 10 Nov 2022 05:09:40 GMT
GET /api/v1/todo/100 200 - - 0.996 ms Thu, 10 Nov 2022 05:09:51 GMT
DELETE /api/v1/todo/100 200 - - 0.893 ms Thu, 10 Nov 2022 05:09:59 GMT
POST /api/v1/todo 201 - - 61.010 ms Thu, 10 Nov 2022 08:11:32 GMT
POST /api/v1/todo 201 - - 41.030 ms Thu, 10 Nov 2022 08:12:28 GMT
POST /api/v1/todo 201 - - 65.579 ms Thu, 10 Nov 2022 08:19:26 GMT
GET /api/v1/todo 200 - - 54.244 ms Thu, 10 Nov 2022 08:22:22 GMT
